<?xml version="1.0" encoding="UTF-8"?>
<!-- Generated by org.testng.reporters.JUnitReportReporter -->
<testsuite hostname="N06-026" name="com.example.test.FormTest" tests="1" failures="1" timestamp="7 Feb 2018 06:09:03 GMT" time="0.000" errors="0">
  <testcase name="doGet" time="0.000" classname="com.example.test.FormTest">
    <failure type="java.lang.RuntimeException" message="org.databene.commons.ConfigurationError: Resource not found: /data/add.csv">
      <![CDATA[java.lang.RuntimeException: org.databene.commons.ConfigurationError: Resource not found: /data/add.csv
	at org.testng.internal.MethodInvocationHelper.invokeDataProvider(MethodInvocationHelper.java:161)
	at org.testng.internal.Parameters.handleParameters(Parameters.java:429)
	at org.testng.internal.Invoker.handleParameters(Invoker.java:1383)
	at org.testng.internal.Invoker.createParameters(Invoker.java:1075)
	at org.testng.internal.Invoker.invokeTestMethods(Invoker.java:1180)
	at org.testng.internal.TestMethodWorker.invokeTestMethods(TestMethodWorker.java:127)
	at org.testng.internal.TestMethodWorker.run(TestMethodWorker.java:111)
	at org.testng.TestRunner.privateRun(TestRunner.java:767)
	at org.testng.TestRunner.run(TestRunner.java:617)
	at org.testng.SuiteRunner.runTest(SuiteRunner.java:348)
	at org.testng.SuiteRunner.runSequentially(SuiteRunner.java:343)
	at org.testng.SuiteRunner.privateRun(SuiteRunner.java:305)
	at org.testng.SuiteRunner.run(SuiteRunner.java:254)
	at org.testng.SuiteRunnerWorker.runSuite(SuiteRunnerWorker.java:52)
	at org.testng.SuiteRunnerWorker.run(SuiteRunnerWorker.java:86)
	at org.testng.TestNG.runSuitesSequentially(TestNG.java:1224)
	at org.testng.TestNG.runSuitesLocally(TestNG.java:1149)
	at org.testng.TestNG.run(TestNG.java:1057)
	at org.testng.remote.RemoteTestNG.run(RemoteTestNG.java:111)
	at org.testng.remote.RemoteTestNG.initAndRun(RemoteTestNG.java:204)
	at org.testng.remote.RemoteTestNG.main(RemoteTestNG.java:175)
Caused by: org.databene.commons.ConfigurationError: Resource not found: /data/add.csv
	at org.databene.commons.IOUtil.getResourceAsStream(IOUtil.java:493)
	at org.databene.commons.IOUtil.getFileOrResourceAsStream(IOUtil.java:478)
	at org.databene.commons.IOUtil.getInputStreamForURI(IOUtil.java:198)
	at org.databene.commons.IOUtil.getInputStreamForURI(IOUtil.java:170)
	at org.databene.commons.IOUtil.getFileReader(IOUtil.java:624)
	at org.databene.commons.IOUtil.getReaderForURI(IOUtil.java:165)
	at org.databene.document.csv.CSVLineIterator.<init>(CSVLineIterator.java:89)
	at org.databene.platform.csv.CSVEntityIterator.init(CSVEntityIterator.java:136)
	at org.databene.platform.csv.CSVEntityIterator.<init>(CSVEntityIterator.java:90)
	at org.databene.platform.csv.CSVEntitySource.iterator(CSVEntitySource.java:98)
	at org.databene.platform.csv.CSVEntitySource.iterator(CSVEntitySource.java:39)
	at org.databene.benerator.wrapper.IteratingGenerator.createIterator(IteratingGenerator.java:127)
	at org.databene.benerator.wrapper.IteratingGenerator.init(IteratingGenerator.java:88)
	at org.databene.benerator.wrapper.GeneratorWrapper.init(GeneratorWrapper.java:82)
	at org.databene.benerator.wrapper.ConvertingGenerator.init(ConvertingGenerator.java:75)
	at org.databene.benerator.wrapper.GeneratorWrapper.init(GeneratorWrapper.java:82)
	at org.databene.benerator.wrapper.ConvertingGenerator.init(ConvertingGenerator.java:75)
	at org.databene.benerator.composite.VariableAwareGenerator.init(VariableAwareGenerator.java:71)
	at org.databene.benerator.anno.AnnotationMapper.createMethodParamGenerator(AnnotationMapper.java:140)
	at org.databene.feed4testng.FeedTest.feeder(FeedTest.java:41)
	at sun.reflect.NativeMethodAccessorImpl.invoke0(Native Method)
	at sun.reflect.NativeMethodAccessorImpl.invoke(NativeMethodAccessorImpl.java:57)
	at sun.reflect.DelegatingMethodAccessorImpl.invoke(DelegatingMethodAccessorImpl.java:43)
	at java.lang.reflect.Method.invoke(Method.java:601)
	at org.testng.internal.MethodInvocationHelper.invokeMethod(MethodInvocationHelper.java:84)
	at org.testng.internal.MethodInvocationHelper.invokeDataProvider(MethodInvocationHelper.java:153)
	... 20 more
]]>
    </failure>
  </testcase> <!-- doGet -->
</testsuite> <!-- com.example.test.FormTest -->
